
2017-12-29 03:17:16 add merchandise [{"class":"Slave","id":0,"name":"Pete","gender":"male","age":12,"height":140.0,"weight":35.0,"benefit":8.3333435}] performed by test
2017-12-29 03:17:16 add merchandise [{"class":"Slave","id":1,"name":"Diana","gender":"female","age":16,"height":174.0,"weight":44.0,"benefit":78.5}] performed by test
2017-12-29 03:17:16 add merchandise [{"class":"Slave","id":2,"name":"Luise","gender":"male","age":20,"height":185.0,"weight":85.0,"benefit":86.25}] performed by test
2017-12-29 03:17:16 add merchandise [{"class":"Slave","id":0,"name":"Pete","gender":"male","age":12,"height":140.0,"weight":35.0,"benefit":8.3333435}] performed by test
2017-12-29 03:17:16 add merchandise [{"class":"Slave","id":1,"name":"Diana","gender":"female","age":16,"height":174.0,"weight":44.0,"benefit":78.5}] performed by test
2017-12-29 03:17:16 add merchandise [{"class":"Slave","id":2,"name":"Luise","gender":"male","age":20,"height":185.0,"weight":85.0,"benefit":86.25}] performed by test
2017-12-29 03:17:16 add merchandise [{"class":"Slave","id":0,"name":"Pete","gender":"male","age":12,"height":140.0,"weight":35.0,"benefit":8.3333435}] performed by test
2017-12-29 03:17:16 add merchandise [{"class":"Slave","id":1,"name":"Diana","gender":"female","age":16,"height":174.0,"weight":44.0,"benefit":78.5}] performed by test
2017-12-29 03:17:16 add merchandise [{"class":"Slave","id":2,"name":"Luise","gender":"male","age":20,"height":185.0,"weight":85.0,"benefit":86.25}] performed by test
2017-12-29 03:17:16 add merchandise [{"class":"Slave","id":0,"name":"Pete","gender":"male","age":12,"height":140.0,"weight":35.0,"benefit":8.3333435}] performed by test
2017-12-29 03:17:16 add merchandise [{"class":"Slave","id":1,"name":"Diana","gender":"female","age":16,"height":174.0,"weight":44.0,"benefit":78.5}] performed by test
2017-12-29 03:17:16 add merchandise [{"class":"Slave","id":2,"name":"Luise","gender":"male","age":20,"height":185.0,"weight":85.0,"benefit":86.25}] performed by test
2017-12-29 03:17:16 add merchandise [{"class":"Slave","id":0,"name":"Pete","gender":"male","age":12,"height":140.0,"weight":35.0,"benefit":8.3333435}] performed by test
2017-12-29 03:17:16 add merchandise [{"class":"Slave","id":1,"name":"Diana","gender":"female","age":16,"height":174.0,"weight":44.0,"benefit":78.5}] performed by test
2017-12-29 03:17:16 add merchandise [{"class":"Slave","id":2,"name":"Luise","gender":"male","age":20,"height":185.0,"weight":85.0,"benefit":86.25}] performed by test
2017-12-29 03:17:17 add merchandise [{"class":"Slave","id":0,"name":"Pete","gender":"male","age":12,"height":140.0,"weight":35.0,"benefit":8.3333435}] performed by test
2017-12-29 03:17:17 add merchandise [{"class":"Slave","id":1,"name":"Diana","gender":"female","age":16,"height":174.0,"weight":44.0,"benefit":78.5}] performed by test
2017-12-29 03:17:17 add merchandise [{"class":"Slave","id":2,"name":"Luise","gender":"male","age":20,"height":185.0,"weight":85.0,"benefit":86.25}] performed by test
2017-12-29 03:17:17 removed merchandise [{"class":"Slave","id":1,"name":"Diana","gender":"female","age":16,"height":174.0,"weight":44.0,"benefit":78.5}] performed by test
2017-12-29 03:17:17 add merchandise [{"class":"Slave","id":0,"name":"Pete","gender":"male","age":12,"height":140.0,"weight":35.0,"benefit":8.3333435}] performed by test
2017-12-29 03:17:17 add merchandise [{"class":"Slave","id":1,"name":"Diana","gender":"female","age":16,"height":174.0,"weight":44.0,"benefit":78.5}] performed by test
2017-12-29 03:17:17 add merchandise [{"class":"Slave","id":2,"name":"Luise","gender":"male","age":20,"height":185.0,"weight":85.0,"benefit":86.25}] performed by test
2017-12-29 03:17:17 add merchandise [{"class":"Slave","id":0,"name":"Pete","gender":"male","age":12,"height":140.0,"weight":35.0,"benefit":8.3333435}] performed by test
2017-12-29 03:17:17 add merchandise [{"class":"Slave","id":1,"name":"Diana","gender":"female","age":16,"height":174.0,"weight":44.0,"benefit":78.5}] performed by test
2017-12-29 03:17:17 add merchandise [{"class":"Slave","id":2,"name":"Luise","gender":"male","age":20,"height":185.0,"weight":85.0,"benefit":86.25}] performed by test
2017-12-29 03:17:17 add merchandise [{"class":"Slave","id":3,"name":"Pete","gender":"male","age":12,"height":140.0,"weight":35.0,"benefit":8.3333435}] performed by test
2017-12-29 03:17:17 add merchandise [{"class":"Slave","id":4,"name":"Diana","gender":"female","age":16,"height":174.0,"weight":44.0,"benefit":78.5}] performed by test
2017-12-29 03:17:17 add merchandise [{"class":"Slave","id":5,"name":"Luise","gender":"male","age":20,"height":185.0,"weight":85.0,"benefit":86.25}] performed by test
2017-12-29 03:17:17 add merchandise [{"class":"Slave","id":0,"name":"Pete","gender":"male","age":12,"height":140.0,"weight":35.0,"benefit":8.3333435}] performed by test
2017-12-29 03:17:17 add merchandise [{"class":"Slave","id":1,"name":"Diana","gender":"female","age":16,"height":174.0,"weight":44.0,"benefit":78.5}] performed by test
2017-12-29 03:17:17 add merchandise [{"class":"Slave","id":2,"name":"Luise","gender":"male","age":20,"height":185.0,"weight":85.0,"benefit":86.25}] performed by test
2017-12-29 03:17:17 add merchandise [{"class":"Slave","id":3,"name":"niger","gender":"male","age":3,"height":3.0,"weight":3.0,"benefit":3.0}] performed by test
2017-12-29 03:17:17 add merchandise [{"class":"Slave","id":0,"name":"Pete","gender":"male","age":12,"height":140.0,"weight":35.0,"benefit":8.3333435}] performed by test
2017-12-29 03:17:17 add merchandise [{"class":"Slave","id":1,"name":"Diana","gender":"female","age":16,"height":174.0,"weight":44.0,"benefit":78.5}] performed by test
2017-12-29 03:17:17 add merchandise [{"class":"Slave","id":2,"name":"Luise","gender":"male","age":20,"height":185.0,"weight":85.0,"benefit":86.25}] performed by test
2017-12-29 03:17:17 add merchandise [{"class":"Slave","id":0,"name":"Pete","gender":"male","age":12,"height":140.0,"weight":35.0,"benefit":8.3333435}] performed by test
2017-12-29 03:17:17 add merchandise [{"class":"Slave","id":1,"name":"Diana","gender":"female","age":16,"height":174.0,"weight":44.0,"benefit":78.5}] performed by test
2017-12-29 03:17:17 add merchandise [{"class":"Slave","id":2,"name":"Luise","gender":"male","age":20,"height":185.0,"weight":85.0,"benefit":86.25}] performed by test
2017-12-29 03:17:51 add merchandise [{"class":"Slave","id":0,"name":"Pete","gender":"male","age":12,"height":140.0,"weight":35.0,"benefit":8.3333435}] performed by test
2017-12-29 03:17:51 add merchandise [{"class":"Slave","id":1,"name":"Diana","gender":"female","age":16,"height":174.0,"weight":44.0,"benefit":78.5}] performed by test
2017-12-29 03:17:51 add merchandise [{"class":"Slave","id":2,"name":"Luise","gender":"male","age":20,"height":185.0,"weight":85.0,"benefit":86.25}] performed by test
2017-12-29 03:17:51 add merchandise [{"class":"Slave","id":0,"name":"Pete","gender":"male","age":12,"height":140.0,"weight":35.0,"benefit":8.3333435}] performed by test
2017-12-29 03:17:51 add merchandise [{"class":"Slave","id":1,"name":"Diana","gender":"female","age":16,"height":174.0,"weight":44.0,"benefit":78.5}] performed by test
2017-12-29 03:17:51 add merchandise [{"class":"Slave","id":2,"name":"Luise","gender":"male","age":20,"height":185.0,"weight":85.0,"benefit":86.25}] performed by test
2017-12-29 03:17:51 add merchandise [{"class":"Slave","id":0,"name":"Pete","gender":"male","age":12,"height":140.0,"weight":35.0,"benefit":8.3333435}] performed by test
2017-12-29 03:17:51 add merchandise [{"class":"Slave","id":1,"name":"Diana","gender":"female","age":16,"height":174.0,"weight":44.0,"benefit":78.5}] performed by test
2017-12-29 03:17:51 add merchandise [{"class":"Slave","id":2,"name":"Luise","gender":"male","age":20,"height":185.0,"weight":85.0,"benefit":86.25}] performed by test
2017-12-29 03:17:51 add merchandise [{"class":"Slave","id":0,"name":"Pete","gender":"male","age":12,"height":140.0,"weight":35.0,"benefit":8.3333435}] performed by test
2017-12-29 03:17:51 add merchandise [{"class":"Slave","id":1,"name":"Diana","gender":"female","age":16,"height":174.0,"weight":44.0,"benefit":78.5}] performed by test
2017-12-29 03:17:51 add merchandise [{"class":"Slave","id":2,"name":"Luise","gender":"male","age":20,"height":185.0,"weight":85.0,"benefit":86.25}] performed by test
2017-12-29 03:17:51 add merchandise [{"class":"Slave","id":0,"name":"Pete","gender":"male","age":12,"height":140.0,"weight":35.0,"benefit":8.3333435}] performed by test
2017-12-29 03:17:51 add merchandise [{"class":"Slave","id":1,"name":"Diana","gender":"female","age":16,"height":174.0,"weight":44.0,"benefit":78.5}] performed by test
2017-12-29 03:17:51 add merchandise [{"class":"Slave","id":2,"name":"Luise","gender":"male","age":20,"height":185.0,"weight":85.0,"benefit":86.25}] performed by test
2017-12-29 03:17:51 add merchandise [{"class":"Slave","id":0,"name":"Pete","gender":"male","age":12,"height":140.0,"weight":35.0,"benefit":8.3333435}] performed by test
2017-12-29 03:17:51 add merchandise [{"class":"Slave","id":1,"name":"Diana","gender":"female","age":16,"height":174.0,"weight":44.0,"benefit":78.5}] performed by test
2017-12-29 03:17:51 add merchandise [{"class":"Slave","id":2,"name":"Luise","gender":"male","age":20,"height":185.0,"weight":85.0,"benefit":86.25}] performed by test
2017-12-29 03:17:51 removed merchandise [{"class":"Slave","id":1,"name":"Diana","gender":"female","age":16,"height":174.0,"weight":44.0,"benefit":78.5}] performed by test
2017-12-29 03:17:51 add merchandise [{"class":"Slave","id":0,"name":"Pete","gender":"male","age":12,"height":140.0,"weight":35.0,"benefit":8.3333435}] performed by test
2017-12-29 03:17:51 add merchandise [{"class":"Slave","id":1,"name":"Diana","gender":"female","age":16,"height":174.0,"weight":44.0,"benefit":78.5}] performed by test
2017-12-29 03:17:51 add merchandise [{"class":"Slave","id":2,"name":"Luise","gender":"male","age":20,"height":185.0,"weight":85.0,"benefit":86.25}] performed by test
2017-12-29 03:17:51 add merchandise [{"class":"Slave","id":0,"name":"Pete","gender":"male","age":12,"height":140.0,"weight":35.0,"benefit":8.3333435}] performed by test
2017-12-29 03:17:51 add merchandise [{"class":"Slave","id":1,"name":"Diana","gender":"female","age":16,"height":174.0,"weight":44.0,"benefit":78.5}] performed by test
2017-12-29 03:17:51 add merchandise [{"class":"Slave","id":2,"name":"Luise","gender":"male","age":20,"height":185.0,"weight":85.0,"benefit":86.25}] performed by test
2017-12-29 03:17:51 add merchandise [{"class":"Slave","id":3,"name":"Pete","gender":"male","age":12,"height":140.0,"weight":35.0,"benefit":8.3333435}] performed by test
2017-12-29 03:17:51 add merchandise [{"class":"Slave","id":4,"name":"Diana","gender":"female","age":16,"height":174.0,"weight":44.0,"benefit":78.5}] performed by test
2017-12-29 03:17:51 add merchandise [{"class":"Slave","id":5,"name":"Luise","gender":"male","age":20,"height":185.0,"weight":85.0,"benefit":86.25}] performed by test
2017-12-29 03:17:51 add merchandise [{"class":"Slave","id":0,"name":"Pete","gender":"male","age":12,"height":140.0,"weight":35.0,"benefit":8.3333435}] performed by test
2017-12-29 03:17:51 add merchandise [{"class":"Slave","id":1,"name":"Diana","gender":"female","age":16,"height":174.0,"weight":44.0,"benefit":78.5}] performed by test
2017-12-29 03:17:51 add merchandise [{"class":"Slave","id":2,"name":"Luise","gender":"male","age":20,"height":185.0,"weight":85.0,"benefit":86.25}] performed by test
2017-12-29 03:17:51 add merchandise [{"class":"Slave","id":3,"name":"niger","gender":"male","age":3,"height":3.0,"weight":3.0,"benefit":3.0}] performed by test
2017-12-29 03:17:51 add merchandise [{"class":"Slave","id":0,"name":"Pete","gender":"male","age":12,"height":140.0,"weight":35.0,"benefit":8.3333435}] performed by test
2017-12-29 03:17:51 add merchandise [{"class":"Slave","id":1,"name":"Diana","gender":"female","age":16,"height":174.0,"weight":44.0,"benefit":78.5}] performed by test
2017-12-29 03:17:51 add merchandise [{"class":"Slave","id":2,"name":"Luise","gender":"male","age":20,"height":185.0,"weight":85.0,"benefit":86.25}] performed by test
2017-12-29 03:17:51 add merchandise [{"class":"Slave","id":0,"name":"Pete","gender":"male","age":12,"height":140.0,"weight":35.0,"benefit":8.3333435}] performed by test
2017-12-29 03:17:51 add merchandise [{"class":"Slave","id":1,"name":"Diana","gender":"female","age":16,"height":174.0,"weight":44.0,"benefit":78.5}] performed by test
2017-12-29 03:17:51 add merchandise [{"class":"Slave","id":2,"name":"Luise","gender":"male","age":20,"height":185.0,"weight":85.0,"benefit":86.25}] performed by test
2017-12-29 03:18:03 add merchandise [{"class":"Slave","id":0,"name":"Pete","gender":"male","age":12,"height":140.0,"weight":35.0,"benefit":8.3333435}] performed by test
2017-12-29 03:18:03 add merchandise [{"class":"Slave","id":1,"name":"Diana","gender":"female","age":16,"height":174.0,"weight":44.0,"benefit":78.5}] performed by test
2017-12-29 03:18:03 add merchandise [{"class":"Slave","id":2,"name":"Luise","gender":"male","age":20,"height":185.0,"weight":85.0,"benefit":86.25}] performed by test
2017-12-29 03:18:03 add merchandise [{"class":"Slave","id":0,"name":"Pete","gender":"male","age":12,"height":140.0,"weight":35.0,"benefit":8.3333435}] performed by test
2017-12-29 03:18:03 add merchandise [{"class":"Slave","id":1,"name":"Diana","gender":"female","age":16,"height":174.0,"weight":44.0,"benefit":78.5}] performed by test
2017-12-29 03:18:03 add merchandise [{"class":"Slave","id":2,"name":"Luise","gender":"male","age":20,"height":185.0,"weight":85.0,"benefit":86.25}] performed by test
2017-12-29 03:18:03 add merchandise [{"class":"Slave","id":0,"name":"Pete","gender":"male","age":12,"height":140.0,"weight":35.0,"benefit":8.3333435}] performed by test
2017-12-29 03:18:03 add merchandise [{"class":"Slave","id":1,"name":"Diana","gender":"female","age":16,"height":174.0,"weight":44.0,"benefit":78.5}] performed by test
2017-12-29 03:18:03 add merchandise [{"class":"Slave","id":2,"name":"Luise","gender":"male","age":20,"height":185.0,"weight":85.0,"benefit":86.25}] performed by test
2017-12-29 03:18:03 add merchandise [{"class":"Slave","id":0,"name":"Pete","gender":"male","age":12,"height":140.0,"weight":35.0,"benefit":8.3333435}] performed by test
2017-12-29 03:18:03 add merchandise [{"class":"Slave","id":1,"name":"Diana","gender":"female","age":16,"height":174.0,"weight":44.0,"benefit":78.5}] performed by test
2017-12-29 03:18:03 add merchandise [{"class":"Slave","id":2,"name":"Luise","gender":"male","age":20,"height":185.0,"weight":85.0,"benefit":86.25}] performed by test
2017-12-29 03:18:03 add merchandise [{"class":"Slave","id":0,"name":"Pete","gender":"male","age":12,"height":140.0,"weight":35.0,"benefit":8.3333435}] performed by test
2017-12-29 03:18:03 add merchandise [{"class":"Slave","id":1,"name":"Diana","gender":"female","age":16,"height":174.0,"weight":44.0,"benefit":78.5}] performed by test
2017-12-29 03:18:03 add merchandise [{"class":"Slave","id":2,"name":"Luise","gender":"male","age":20,"height":185.0,"weight":85.0,"benefit":86.25}] performed by test
2017-12-29 03:18:03 add merchandise [{"class":"Slave","id":0,"name":"Pete","gender":"male","age":12,"height":140.0,"weight":35.0,"benefit":8.3333435}] performed by test
2017-12-29 03:18:03 add merchandise [{"class":"Slave","id":1,"name":"Diana","gender":"female","age":16,"height":174.0,"weight":44.0,"benefit":78.5}] performed by test
2017-12-29 03:18:03 add merchandise [{"class":"Slave","id":2,"name":"Luise","gender":"male","age":20,"height":185.0,"weight":85.0,"benefit":86.25}] performed by test
2017-12-29 03:18:03 removed merchandise [{"class":"Slave","id":1,"name":"Diana","gender":"female","age":16,"height":174.0,"weight":44.0,"benefit":78.5}] performed by test
2017-12-29 03:18:03 add merchandise [{"class":"Slave","id":0,"name":"Pete","gender":"male","age":12,"height":140.0,"weight":35.0,"benefit":8.3333435}] performed by test
2017-12-29 03:18:03 add merchandise [{"class":"Slave","id":1,"name":"Diana","gender":"female","age":16,"height":174.0,"weight":44.0,"benefit":78.5}] performed by test
2017-12-29 03:18:03 add merchandise [{"class":"Slave","id":2,"name":"Luise","gender":"male","age":20,"height":185.0,"weight":85.0,"benefit":86.25}] performed by test
2017-12-29 03:18:03 add merchandise [{"class":"Slave","id":0,"name":"Pete","gender":"male","age":12,"height":140.0,"weight":35.0,"benefit":8.3333435}] performed by test
2017-12-29 03:18:03 add merchandise [{"class":"Slave","id":1,"name":"Diana","gender":"female","age":16,"height":174.0,"weight":44.0,"benefit":78.5}] performed by test
2017-12-29 03:18:03 add merchandise [{"class":"Slave","id":2,"name":"Luise","gender":"male","age":20,"height":185.0,"weight":85.0,"benefit":86.25}] performed by test
2017-12-29 03:18:03 add merchandise [{"class":"Slave","id":3,"name":"Pete","gender":"male","age":12,"height":140.0,"weight":35.0,"benefit":8.3333435}] performed by test
2017-12-29 03:18:03 add merchandise [{"class":"Slave","id":4,"name":"Diana","gender":"female","age":16,"height":174.0,"weight":44.0,"benefit":78.5}] performed by test
2017-12-29 03:18:03 add merchandise [{"class":"Slave","id":5,"name":"Luise","gender":"male","age":20,"height":185.0,"weight":85.0,"benefit":86.25}] performed by test
2017-12-29 03:18:03 add merchandise [{"class":"Slave","id":0,"name":"Pete","gender":"male","age":12,"height":140.0,"weight":35.0,"benefit":8.3333435}] performed by test
2017-12-29 03:18:03 add merchandise [{"class":"Slave","id":1,"name":"Diana","gender":"female","age":16,"height":174.0,"weight":44.0,"benefit":78.5}] performed by test
2017-12-29 03:18:03 add merchandise [{"class":"Slave","id":2,"name":"Luise","gender":"male","age":20,"height":185.0,"weight":85.0,"benefit":86.25}] performed by test
2017-12-29 03:18:03 add merchandise [{"class":"Slave","id":3,"name":"niger","gender":"male","age":3,"height":3.0,"weight":3.0,"benefit":3.0}] performed by test
2017-12-29 03:18:03 add merchandise [{"class":"Slave","id":0,"name":"Pete","gender":"male","age":12,"height":140.0,"weight":35.0,"benefit":8.3333435}] performed by test
2017-12-29 03:18:03 add merchandise [{"class":"Slave","id":1,"name":"Diana","gender":"female","age":16,"height":174.0,"weight":44.0,"benefit":78.5}] performed by test
2017-12-29 03:18:03 add merchandise [{"class":"Slave","id":2,"name":"Luise","gender":"male","age":20,"height":185.0,"weight":85.0,"benefit":86.25}] performed by test
2017-12-29 03:18:03 add merchandise [{"class":"Slave","id":0,"name":"Pete","gender":"male","age":12,"height":140.0,"weight":35.0,"benefit":8.3333435}] performed by test
2017-12-29 03:18:03 add merchandise [{"class":"Slave","id":1,"name":"Diana","gender":"female","age":16,"height":174.0,"weight":44.0,"benefit":78.5}] performed by test
2017-12-29 03:18:04 add merchandise [{"class":"Slave","id":2,"name":"Luise","gender":"male","age":20,"height":185.0,"weight":85.0,"benefit":86.25}] performed by test
2017-12-29 03:18:21 add merchandise [{"class":"Slave","id":0,"name":"Pete","gender":"male","age":12,"height":140.0,"weight":35.0,"benefit":8.3333435}] performed by test
2017-12-29 03:18:21 add merchandise [{"class":"Slave","id":1,"name":"Diana","gender":"female","age":16,"height":174.0,"weight":44.0,"benefit":78.5}] performed by test
2017-12-29 03:18:21 add merchandise [{"class":"Slave","id":2,"name":"Luise","gender":"male","age":20,"height":185.0,"weight":85.0,"benefit":86.25}] performed by test
2017-12-29 03:18:21 add merchandise [{"class":"Slave","id":0,"name":"Pete","gender":"male","age":12,"height":140.0,"weight":35.0,"benefit":8.3333435}] performed by test
2017-12-29 03:18:21 add merchandise [{"class":"Slave","id":1,"name":"Diana","gender":"female","age":16,"height":174.0,"weight":44.0,"benefit":78.5}] performed by test
2017-12-29 03:18:21 add merchandise [{"class":"Slave","id":2,"name":"Luise","gender":"male","age":20,"height":185.0,"weight":85.0,"benefit":86.25}] performed by test
2017-12-29 03:18:21 add merchandise [{"class":"Slave","id":0,"name":"Pete","gender":"male","age":12,"height":140.0,"weight":35.0,"benefit":8.3333435}] performed by test
2017-12-29 03:18:21 add merchandise [{"class":"Slave","id":1,"name":"Diana","gender":"female","age":16,"height":174.0,"weight":44.0,"benefit":78.5}] performed by test
2017-12-29 03:18:21 add merchandise [{"class":"Slave","id":2,"name":"Luise","gender":"male","age":20,"height":185.0,"weight":85.0,"benefit":86.25}] performed by test
2017-12-29 03:18:21 add merchandise [{"class":"Slave","id":0,"name":"Pete","gender":"male","age":12,"height":140.0,"weight":35.0,"benefit":8.3333435}] performed by test
2017-12-29 03:18:21 add merchandise [{"class":"Slave","id":1,"name":"Diana","gender":"female","age":16,"height":174.0,"weight":44.0,"benefit":78.5}] performed by test
2017-12-29 03:18:21 add merchandise [{"class":"Slave","id":2,"name":"Luise","gender":"male","age":20,"height":185.0,"weight":85.0,"benefit":86.25}] performed by test
2017-12-29 03:18:21 add merchandise [{"class":"Slave","id":0,"name":"Pete","gender":"male","age":12,"height":140.0,"weight":35.0,"benefit":8.3333435}] performed by test
2017-12-29 03:18:21 add merchandise [{"class":"Slave","id":1,"name":"Diana","gender":"female","age":16,"height":174.0,"weight":44.0,"benefit":78.5}] performed by test
2017-12-29 03:18:21 add merchandise [{"class":"Slave","id":2,"name":"Luise","gender":"male","age":20,"height":185.0,"weight":85.0,"benefit":86.25}] performed by test
2017-12-29 03:18:21 add merchandise [{"class":"Slave","id":0,"name":"Pete","gender":"male","age":12,"height":140.0,"weight":35.0,"benefit":8.3333435}] performed by test
2017-12-29 03:18:21 add merchandise [{"class":"Slave","id":1,"name":"Diana","gender":"female","age":16,"height":174.0,"weight":44.0,"benefit":78.5}] performed by test
2017-12-29 03:18:21 add merchandise [{"class":"Slave","id":2,"name":"Luise","gender":"male","age":20,"height":185.0,"weight":85.0,"benefit":86.25}] performed by test
2017-12-29 03:18:21 removed merchandise [{"class":"Slave","id":1,"name":"Diana","gender":"female","age":16,"height":174.0,"weight":44.0,"benefit":78.5}] performed by test
2017-12-29 03:18:21 add merchandise [{"class":"Slave","id":0,"name":"Pete","gender":"male","age":12,"height":140.0,"weight":35.0,"benefit":8.3333435}] performed by test
2017-12-29 03:18:21 add merchandise [{"class":"Slave","id":1,"name":"Diana","gender":"female","age":16,"height":174.0,"weight":44.0,"benefit":78.5}] performed by test
2017-12-29 03:18:21 add merchandise [{"class":"Slave","id":2,"name":"Luise","gender":"male","age":20,"height":185.0,"weight":85.0,"benefit":86.25}] performed by test
2017-12-29 03:18:21 add merchandise [{"class":"Slave","id":0,"name":"Pete","gender":"male","age":12,"height":140.0,"weight":35.0,"benefit":8.3333435}] performed by test
2017-12-29 03:18:21 add merchandise [{"class":"Slave","id":1,"name":"Diana","gender":"female","age":16,"height":174.0,"weight":44.0,"benefit":78.5}] performed by test
2017-12-29 03:18:21 add merchandise [{"class":"Slave","id":2,"name":"Luise","gender":"male","age":20,"height":185.0,"weight":85.0,"benefit":86.25}] performed by test
2017-12-29 03:18:21 add merchandise [{"class":"Slave","id":3,"name":"Pete","gender":"male","age":12,"height":140.0,"weight":35.0,"benefit":8.3333435}] performed by test
2017-12-29 03:18:21 add merchandise [{"class":"Slave","id":4,"name":"Diana","gender":"female","age":16,"height":174.0,"weight":44.0,"benefit":78.5}] performed by test
2017-12-29 03:18:21 add merchandise [{"class":"Slave","id":5,"name":"Luise","gender":"male","age":20,"height":185.0,"weight":85.0,"benefit":86.25}] performed by test
2017-12-29 03:18:21 add merchandise [{"class":"Slave","id":0,"name":"Pete","gender":"male","age":12,"height":140.0,"weight":35.0,"benefit":8.3333435}] performed by test
2017-12-29 03:18:21 add merchandise [{"class":"Slave","id":1,"name":"Diana","gender":"female","age":16,"height":174.0,"weight":44.0,"benefit":78.5}] performed by test
2017-12-29 03:18:21 add merchandise [{"class":"Slave","id":2,"name":"Luise","gender":"male","age":20,"height":185.0,"weight":85.0,"benefit":86.25}] performed by test
2017-12-29 03:18:21 add merchandise [{"class":"Slave","id":3,"name":"niger","gender":"male","age":3,"height":3.0,"weight":3.0,"benefit":3.0}] performed by test
2017-12-29 03:18:21 add merchandise [{"class":"Slave","id":0,"name":"Pete","gender":"male","age":12,"height":140.0,"weight":35.0,"benefit":8.3333435}] performed by test
2017-12-29 03:18:21 add merchandise [{"class":"Slave","id":1,"name":"Diana","gender":"female","age":16,"height":174.0,"weight":44.0,"benefit":78.5}] performed by test
2017-12-29 03:18:21 add merchandise [{"class":"Slave","id":2,"name":"Luise","gender":"male","age":20,"height":185.0,"weight":85.0,"benefit":86.25}] performed by test
2017-12-29 03:18:21 add merchandise [{"class":"Slave","id":0,"name":"Pete","gender":"male","age":12,"height":140.0,"weight":35.0,"benefit":8.3333435}] performed by test
2017-12-29 03:18:21 add merchandise [{"class":"Slave","id":1,"name":"Diana","gender":"female","age":16,"height":174.0,"weight":44.0,"benefit":78.5}] performed by test
2017-12-29 03:18:21 add merchandise [{"class":"Slave","id":2,"name":"Luise","gender":"male","age":20,"height":185.0,"weight":85.0,"benefit":86.25}] performed by test
2017-12-29 03:19:06 add merchandise [{"class":"Slave","id":0,"name":"Pete","gender":"male","age":12,"height":140.0,"weight":35.0,"benefit":8.3333435}] performed by test
2017-12-29 03:19:06 add merchandise [{"class":"Slave","id":1,"name":"Diana","gender":"female","age":16,"height":174.0,"weight":44.0,"benefit":78.5}] performed by test
2017-12-29 03:19:06 add merchandise [{"class":"Slave","id":2,"name":"Luise","gender":"male","age":20,"height":185.0,"weight":85.0,"benefit":86.25}] performed by test
2017-12-29 03:19:47 add merchandise [{"class":"Slave","id":0,"name":"Pete","gender":"male","age":12,"height":140.0,"weight":35.0,"benefit":8.3333435}] performed by test
2017-12-29 03:19:48 add merchandise [{"class":"Slave","id":1,"name":"Diana","gender":"female","age":16,"height":174.0,"weight":44.0,"benefit":78.5}] performed by test
2017-12-29 03:19:48 add merchandise [{"class":"Slave","id":2,"name":"Luise","gender":"male","age":20,"height":185.0,"weight":85.0,"benefit":86.25}] performed by test
2017-12-29 03:20:16 add merchandise [{"class":"Slave","id":0,"name":"Pete","gender":"male","age":12,"height":140.0,"weight":35.0,"benefit":8.3333435}] performed by test
2017-12-29 03:20:16 add merchandise [{"class":"Slave","id":1,"name":"Diana","gender":"female","age":16,"height":174.0,"weight":44.0,"benefit":78.5}] performed by test
2017-12-29 03:20:16 add merchandise [{"class":"Slave","id":2,"name":"Luise","gender":"male","age":20,"height":185.0,"weight":85.0,"benefit":86.25}] performed by test
2017-12-29 03:20:16 removed merchandise [{"class":"Slave","id":1,"name":"Diana","gender":"female","age":16,"height":174.0,"weight":44.0,"benefit":78.5}] performed by test
2017-12-29 03:20:16 removed merchandise [{"class":"Slave","id":0,"name":"Pete","gender":"male","age":12,"height":140.0,"weight":35.0,"benefit":8.3333435}] performed by test
2017-12-29 03:20:34 add merchandise [{"class":"Slave","id":0,"name":"Pete","gender":"male","age":12,"height":140.0,"weight":35.0,"benefit":8.3333435}] performed by test
2017-12-29 03:20:34 add merchandise [{"class":"Slave","id":1,"name":"Diana","gender":"female","age":16,"height":174.0,"weight":44.0,"benefit":78.5}] performed by test
2017-12-29 03:20:34 add merchandise [{"class":"Slave","id":2,"name":"Luise","gender":"male","age":20,"height":185.0,"weight":85.0,"benefit":86.25}] performed by test
2017-12-29 03:20:34 add merchandise [{"class":"Slave","id":0,"name":"Pete","gender":"male","age":12,"height":140.0,"weight":35.0,"benefit":8.3333435}] performed by test
2017-12-29 03:20:34 add merchandise [{"class":"Slave","id":1,"name":"Diana","gender":"female","age":16,"height":174.0,"weight":44.0,"benefit":78.5}] performed by test
2017-12-29 03:20:34 add merchandise [{"class":"Slave","id":2,"name":"Luise","gender":"male","age":20,"height":185.0,"weight":85.0,"benefit":86.25}] performed by test
2017-12-29 03:20:34 add merchandise [{"class":"Slave","id":0,"name":"Pete","gender":"male","age":12,"height":140.0,"weight":35.0,"benefit":8.3333435}] performed by test
2017-12-29 03:20:34 add merchandise [{"class":"Slave","id":1,"name":"Diana","gender":"female","age":16,"height":174.0,"weight":44.0,"benefit":78.5}] performed by test
2017-12-29 03:20:34 add merchandise [{"class":"Slave","id":2,"name":"Luise","gender":"male","age":20,"height":185.0,"weight":85.0,"benefit":86.25}] performed by test
2017-12-29 03:20:34 add merchandise [{"class":"Slave","id":0,"name":"Pete","gender":"male","age":12,"height":140.0,"weight":35.0,"benefit":8.3333435}] performed by test
2017-12-29 03:20:34 add merchandise [{"class":"Slave","id":1,"name":"Diana","gender":"female","age":16,"height":174.0,"weight":44.0,"benefit":78.5}] performed by test
2017-12-29 03:20:34 add merchandise [{"class":"Slave","id":2,"name":"Luise","gender":"male","age":20,"height":185.0,"weight":85.0,"benefit":86.25}] performed by test
2017-12-29 03:20:34 add merchandise [{"class":"Slave","id":0,"name":"Pete","gender":"male","age":12,"height":140.0,"weight":35.0,"benefit":8.3333435}] performed by test
2017-12-29 03:20:34 add merchandise [{"class":"Slave","id":1,"name":"Diana","gender":"female","age":16,"height":174.0,"weight":44.0,"benefit":78.5}] performed by test
2017-12-29 03:20:34 add merchandise [{"class":"Slave","id":2,"name":"Luise","gender":"male","age":20,"height":185.0,"weight":85.0,"benefit":86.25}] performed by test
2017-12-29 03:20:34 add merchandise [{"class":"Slave","id":0,"name":"Pete","gender":"male","age":12,"height":140.0,"weight":35.0,"benefit":8.3333435}] performed by test
2017-12-29 03:20:34 add merchandise [{"class":"Slave","id":1,"name":"Diana","gender":"female","age":16,"height":174.0,"weight":44.0,"benefit":78.5}] performed by test
2017-12-29 03:20:34 add merchandise [{"class":"Slave","id":2,"name":"Luise","gender":"male","age":20,"height":185.0,"weight":85.0,"benefit":86.25}] performed by test
2017-12-29 03:20:34 removed merchandise [{"class":"Slave","id":1,"name":"Diana","gender":"female","age":16,"height":174.0,"weight":44.0,"benefit":78.5}] performed by test
2017-12-29 03:20:34 add merchandise [{"class":"Slave","id":0,"name":"Pete","gender":"male","age":12,"height":140.0,"weight":35.0,"benefit":8.3333435}] performed by test
2017-12-29 03:20:34 add merchandise [{"class":"Slave","id":1,"name":"Diana","gender":"female","age":16,"height":174.0,"weight":44.0,"benefit":78.5}] performed by test
2017-12-29 03:20:34 add merchandise [{"class":"Slave","id":2,"name":"Luise","gender":"male","age":20,"height":185.0,"weight":85.0,"benefit":86.25}] performed by test
2017-12-29 03:20:34 removed merchandise [{"class":"Slave","id":1,"name":"Diana","gender":"female","age":16,"height":174.0,"weight":44.0,"benefit":78.5}] performed by test
2017-12-29 03:20:34 removed merchandise [{"class":"Slave","id":0,"name":"Pete","gender":"male","age":12,"height":140.0,"weight":35.0,"benefit":8.3333435}] performed by test
2017-12-29 03:20:34 add merchandise [{"class":"Slave","id":0,"name":"Pete","gender":"male","age":12,"height":140.0,"weight":35.0,"benefit":8.3333435}] performed by test
2017-12-29 03:20:34 add merchandise [{"class":"Slave","id":1,"name":"Diana","gender":"female","age":16,"height":174.0,"weight":44.0,"benefit":78.5}] performed by test
2017-12-29 03:20:34 add merchandise [{"class":"Slave","id":2,"name":"Luise","gender":"male","age":20,"height":185.0,"weight":85.0,"benefit":86.25}] performed by test
2017-12-29 03:20:34 add merchandise [{"class":"Slave","id":3,"name":"Pete","gender":"male","age":12,"height":140.0,"weight":35.0,"benefit":8.3333435}] performed by test
2017-12-29 03:20:34 add merchandise [{"class":"Slave","id":4,"name":"Diana","gender":"female","age":16,"height":174.0,"weight":44.0,"benefit":78.5}] performed by test
2017-12-29 03:20:34 add merchandise [{"class":"Slave","id":5,"name":"Luise","gender":"male","age":20,"height":185.0,"weight":85.0,"benefit":86.25}] performed by test
2017-12-29 03:20:34 removed merchandise [{"class":"Slave","id":0,"name":"Pete","gender":"male","age":12,"height":140.0,"weight":35.0,"benefit":8.3333435}] performed by test
2017-12-29 03:20:34 add merchandise [{"class":"Slave","id":0,"name":"Pete","gender":"male","age":12,"height":140.0,"weight":35.0,"benefit":8.3333435}] performed by test
2017-12-29 03:20:34 add merchandise [{"class":"Slave","id":1,"name":"Diana","gender":"female","age":16,"height":174.0,"weight":44.0,"benefit":78.5}] performed by test
2017-12-29 03:20:34 add merchandise [{"class":"Slave","id":2,"name":"Luise","gender":"male","age":20,"height":185.0,"weight":85.0,"benefit":86.25}] performed by test
2017-12-29 03:20:34 add merchandise [{"class":"Slave","id":3,"name":"niger","gender":"male","age":3,"height":3.0,"weight":3.0,"benefit":3.0}] performed by test
2017-12-29 03:20:34 add merchandise [{"class":"Slave","id":0,"name":"Pete","gender":"male","age":12,"height":140.0,"weight":35.0,"benefit":8.3333435}] performed by test
2017-12-29 03:20:34 add merchandise [{"class":"Slave","id":1,"name":"Diana","gender":"female","age":16,"height":174.0,"weight":44.0,"benefit":78.5}] performed by test
2017-12-29 03:20:34 add merchandise [{"class":"Slave","id":2,"name":"Luise","gender":"male","age":20,"height":185.0,"weight":85.0,"benefit":86.25}] performed by test
2017-12-29 03:20:34 add merchandise [{"class":"Slave","id":0,"name":"Pete","gender":"male","age":12,"height":140.0,"weight":35.0,"benefit":8.3333435}] performed by test
2017-12-29 03:20:34 add merchandise [{"class":"Slave","id":1,"name":"Diana","gender":"female","age":16,"height":174.0,"weight":44.0,"benefit":78.5}] performed by test
2017-12-29 03:20:34 add merchandise [{"class":"Slave","id":2,"name":"Luise","gender":"male","age":20,"height":185.0,"weight":85.0,"benefit":86.25}] performed by test
2017-12-29 03:20:45 add merchandise [{"class":"Slave","id":0,"name":"Pete","gender":"male","age":12,"height":140.0,"weight":35.0,"benefit":8.3333435}] performed by test
2017-12-29 03:20:45 add merchandise [{"class":"Slave","id":1,"name":"Diana","gender":"female","age":16,"height":174.0,"weight":44.0,"benefit":78.5}] performed by test
2017-12-29 03:20:45 add merchandise [{"class":"Slave","id":2,"name":"Luise","gender":"male","age":20,"height":185.0,"weight":85.0,"benefit":86.25}] performed by test
2017-12-29 03:20:45 add merchandise [{"class":"Slave","id":0,"name":"Pete","gender":"male","age":12,"height":140.0,"weight":35.0,"benefit":8.3333435}] performed by test
2017-12-29 03:20:45 add merchandise [{"class":"Slave","id":1,"name":"Diana","gender":"female","age":16,"height":174.0,"weight":44.0,"benefit":78.5}] performed by test
2017-12-29 03:20:45 add merchandise [{"class":"Slave","id":2,"name":"Luise","gender":"male","age":20,"height":185.0,"weight":85.0,"benefit":86.25}] performed by test
2017-12-29 03:20:45 add merchandise [{"class":"Slave","id":0,"name":"Pete","gender":"male","age":12,"height":140.0,"weight":35.0,"benefit":8.3333435}] performed by test
2017-12-29 03:20:45 add merchandise [{"class":"Slave","id":1,"name":"Diana","gender":"female","age":16,"height":174.0,"weight":44.0,"benefit":78.5}] performed by test
2017-12-29 03:20:45 add merchandise [{"class":"Slave","id":2,"name":"Luise","gender":"male","age":20,"height":185.0,"weight":85.0,"benefit":86.25}] performed by test
2017-12-29 03:20:45 add merchandise [{"class":"Slave","id":0,"name":"Pete","gender":"male","age":12,"height":140.0,"weight":35.0,"benefit":8.3333435}] performed by test
2017-12-29 03:20:45 add merchandise [{"class":"Slave","id":1,"name":"Diana","gender":"female","age":16,"height":174.0,"weight":44.0,"benefit":78.5}] performed by test
2017-12-29 03:20:45 add merchandise [{"class":"Slave","id":2,"name":"Luise","gender":"male","age":20,"height":185.0,"weight":85.0,"benefit":86.25}] performed by test
2017-12-29 03:20:45 add merchandise [{"class":"Slave","id":0,"name":"Pete","gender":"male","age":12,"height":140.0,"weight":35.0,"benefit":8.3333435}] performed by test
2017-12-29 03:20:45 add merchandise [{"class":"Slave","id":1,"name":"Diana","gender":"female","age":16,"height":174.0,"weight":44.0,"benefit":78.5}] performed by test
2017-12-29 03:20:45 add merchandise [{"class":"Slave","id":2,"name":"Luise","gender":"male","age":20,"height":185.0,"weight":85.0,"benefit":86.25}] performed by test
2017-12-29 03:20:46 add merchandise [{"class":"Slave","id":0,"name":"Pete","gender":"male","age":12,"height":140.0,"weight":35.0,"benefit":8.3333435}] performed by test
2017-12-29 03:20:46 add merchandise [{"class":"Slave","id":1,"name":"Diana","gender":"female","age":16,"height":174.0,"weight":44.0,"benefit":78.5}] performed by test
2017-12-29 03:20:46 add merchandise [{"class":"Slave","id":2,"name":"Luise","gender":"male","age":20,"height":185.0,"weight":85.0,"benefit":86.25}] performed by test
2017-12-29 03:20:46 removed merchandise [{"class":"Slave","id":1,"name":"Diana","gender":"female","age":16,"height":174.0,"weight":44.0,"benefit":78.5}] performed by test
2017-12-29 03:20:46 add merchandise [{"class":"Slave","id":0,"name":"Pete","gender":"male","age":12,"height":140.0,"weight":35.0,"benefit":8.3333435}] performed by test
2017-12-29 03:20:46 add merchandise [{"class":"Slave","id":1,"name":"Diana","gender":"female","age":16,"height":174.0,"weight":44.0,"benefit":78.5}] performed by test
2017-12-29 03:20:46 add merchandise [{"class":"Slave","id":2,"name":"Luise","gender":"male","age":20,"height":185.0,"weight":85.0,"benefit":86.25}] performed by test
2017-12-29 03:20:46 removed merchandise [{"class":"Slave","id":1,"name":"Diana","gender":"female","age":16,"height":174.0,"weight":44.0,"benefit":78.5}] performed by test
2017-12-29 03:20:46 removed merchandise [{"class":"Slave","id":0,"name":"Pete","gender":"male","age":12,"height":140.0,"weight":35.0,"benefit":8.3333435}] performed by test
2017-12-29 03:20:46 add merchandise [{"class":"Slave","id":0,"name":"Pete","gender":"male","age":12,"height":140.0,"weight":35.0,"benefit":8.3333435}] performed by test
2017-12-29 03:20:46 add merchandise [{"class":"Slave","id":1,"name":"Diana","gender":"female","age":16,"height":174.0,"weight":44.0,"benefit":78.5}] performed by test
2017-12-29 03:20:46 add merchandise [{"class":"Slave","id":2,"name":"Luise","gender":"male","age":20,"height":185.0,"weight":85.0,"benefit":86.25}] performed by test
2017-12-29 03:20:46 add merchandise [{"class":"Slave","id":3,"name":"Pete","gender":"male","age":12,"height":140.0,"weight":35.0,"benefit":8.3333435}] performed by test
2017-12-29 03:20:46 add merchandise [{"class":"Slave","id":4,"name":"Diana","gender":"female","age":16,"height":174.0,"weight":44.0,"benefit":78.5}] performed by test
2017-12-29 03:20:46 add merchandise [{"class":"Slave","id":5,"name":"Luise","gender":"male","age":20,"height":185.0,"weight":85.0,"benefit":86.25}] performed by test
2017-12-29 03:20:46 removed merchandise [{"class":"Slave","id":1,"name":"Diana","gender":"female","age":16,"height":174.0,"weight":44.0,"benefit":78.5}] performed by test
2017-12-29 03:20:46 add merchandise [{"class":"Slave","id":0,"name":"Pete","gender":"male","age":12,"height":140.0,"weight":35.0,"benefit":8.3333435}] performed by test
2017-12-29 03:20:46 add merchandise [{"class":"Slave","id":1,"name":"Diana","gender":"female","age":16,"height":174.0,"weight":44.0,"benefit":78.5}] performed by test
2017-12-29 03:20:46 add merchandise [{"class":"Slave","id":2,"name":"Luise","gender":"male","age":20,"height":185.0,"weight":85.0,"benefit":86.25}] performed by test
2017-12-29 03:20:46 add merchandise [{"class":"Slave","id":3,"name":"niger","gender":"male","age":3,"height":3.0,"weight":3.0,"benefit":3.0}] performed by test
2017-12-29 03:20:46 add merchandise [{"class":"Slave","id":0,"name":"Pete","gender":"male","age":12,"height":140.0,"weight":35.0,"benefit":8.3333435}] performed by test
2017-12-29 03:20:46 add merchandise [{"class":"Slave","id":1,"name":"Diana","gender":"female","age":16,"height":174.0,"weight":44.0,"benefit":78.5}] performed by test
2017-12-29 03:20:46 add merchandise [{"class":"Slave","id":2,"name":"Luise","gender":"male","age":20,"height":185.0,"weight":85.0,"benefit":86.25}] performed by test
2017-12-29 03:20:46 add merchandise [{"class":"Slave","id":0,"name":"Pete","gender":"male","age":12,"height":140.0,"weight":35.0,"benefit":8.3333435}] performed by test
2017-12-29 03:20:46 add merchandise [{"class":"Slave","id":1,"name":"Diana","gender":"female","age":16,"height":174.0,"weight":44.0,"benefit":78.5}] performed by test
2017-12-29 03:20:46 add merchandise [{"class":"Slave","id":2,"name":"Luise","gender":"male","age":20,"height":185.0,"weight":85.0,"benefit":86.25}] performed by test
2017-12-29 03:49:10 add merchandise [{"class":"Slave","id":0,"name":"Pete","gender":"male","age":12,"height":140.0,"weight":35.0,"benefit":8.3333435}] performed by test
2017-12-29 03:49:10 add merchandise [{"class":"Slave","id":1,"name":"Diana","gender":"female","age":16,"height":174.0,"weight":44.0,"benefit":78.5}] performed by test
2017-12-29 03:49:10 add merchandise [{"class":"Slave","id":2,"name":"Luise","gender":"male","age":20,"height":185.0,"weight":85.0,"benefit":86.25}] performed by test
2017-12-29 03:49:10 add merchandise [{"class":"Slave","id":0,"name":"Pete","gender":"male","age":12,"height":140.0,"weight":35.0,"benefit":8.3333435}] performed by test
2017-12-29 03:49:10 add merchandise [{"class":"Slave","id":1,"name":"Diana","gender":"female","age":16,"height":174.0,"weight":44.0,"benefit":78.5}] performed by test
2017-12-29 03:49:10 add merchandise [{"class":"Slave","id":2,"name":"Luise","gender":"male","age":20,"height":185.0,"weight":85.0,"benefit":86.25}] performed by test
2017-12-29 03:49:10 add merchandise [{"class":"Slave","id":0,"name":"Pete","gender":"male","age":12,"height":140.0,"weight":35.0,"benefit":8.3333435}] performed by test
2017-12-29 03:49:10 add merchandise [{"class":"Slave","id":1,"name":"Diana","gender":"female","age":16,"height":174.0,"weight":44.0,"benefit":78.5}] performed by test
2017-12-29 03:49:10 add merchandise [{"class":"Slave","id":2,"name":"Luise","gender":"male","age":20,"height":185.0,"weight":85.0,"benefit":86.25}] performed by test
2017-12-29 03:49:10 add merchandise [{"class":"Slave","id":0,"name":"Pete","gender":"male","age":12,"height":140.0,"weight":35.0,"benefit":8.3333435}] performed by test
2017-12-29 03:49:10 add merchandise [{"class":"Slave","id":1,"name":"Diana","gender":"female","age":16,"height":174.0,"weight":44.0,"benefit":78.5}] performed by test
2017-12-29 03:49:10 add merchandise [{"class":"Slave","id":2,"name":"Luise","gender":"male","age":20,"height":185.0,"weight":85.0,"benefit":86.25}] performed by test
2017-12-29 03:49:10 add merchandise [{"class":"Slave","id":0,"name":"Pete","gender":"male","age":12,"height":140.0,"weight":35.0,"benefit":8.3333435}] performed by test
2017-12-29 03:49:10 add merchandise [{"class":"Slave","id":1,"name":"Diana","gender":"female","age":16,"height":174.0,"weight":44.0,"benefit":78.5}] performed by test
2017-12-29 03:49:10 add merchandise [{"class":"Slave","id":2,"name":"Luise","gender":"male","age":20,"height":185.0,"weight":85.0,"benefit":86.25}] performed by test
2017-12-29 03:49:10 add merchandise [{"class":"Slave","id":0,"name":"Pete","gender":"male","age":12,"height":140.0,"weight":35.0,"benefit":8.3333435}] performed by test
2017-12-29 03:49:10 add merchandise [{"class":"Slave","id":1,"name":"Diana","gender":"female","age":16,"height":174.0,"weight":44.0,"benefit":78.5}] performed by test
2017-12-29 03:49:10 add merchandise [{"class":"Slave","id":2,"name":"Luise","gender":"male","age":20,"height":185.0,"weight":85.0,"benefit":86.25}] performed by test
2017-12-29 03:49:10 removed merchandise [{"class":"Slave","id":1,"name":"Diana","gender":"female","age":16,"height":174.0,"weight":44.0,"benefit":78.5}] performed by test
2017-12-29 03:49:10 add merchandise [{"class":"Slave","id":0,"name":"Pete","gender":"male","age":12,"height":140.0,"weight":35.0,"benefit":8.3333435}] performed by test
2017-12-29 03:49:10 add merchandise [{"class":"Slave","id":1,"name":"Diana","gender":"female","age":16,"height":174.0,"weight":44.0,"benefit":78.5}] performed by test
2017-12-29 03:49:10 add merchandise [{"class":"Slave","id":2,"name":"Luise","gender":"male","age":20,"height":185.0,"weight":85.0,"benefit":86.25}] performed by test
2017-12-29 03:49:10 removed merchandise [{"class":"Slave","id":1,"name":"Diana","gender":"female","age":16,"height":174.0,"weight":44.0,"benefit":78.5}] performed by test
2017-12-29 03:49:10 removed merchandise [{"class":"Slave","id":0,"name":"Pete","gender":"male","age":12,"height":140.0,"weight":35.0,"benefit":8.3333435}] performed by test
2017-12-29 03:49:10 add merchandise [{"class":"Slave","id":0,"name":"Pete","gender":"male","age":12,"height":140.0,"weight":35.0,"benefit":8.3333435}] performed by test
2017-12-29 03:49:10 add merchandise [{"class":"Slave","id":1,"name":"Diana","gender":"female","age":16,"height":174.0,"weight":44.0,"benefit":78.5}] performed by test
2017-12-29 03:49:10 add merchandise [{"class":"Slave","id":2,"name":"Luise","gender":"male","age":20,"height":185.0,"weight":85.0,"benefit":86.25}] performed by test
2017-12-29 03:49:10 add merchandise [{"class":"Slave","id":3,"name":"Pete","gender":"male","age":12,"height":140.0,"weight":35.0,"benefit":8.3333435}] performed by test
2017-12-29 03:49:10 add merchandise [{"class":"Slave","id":4,"name":"Diana","gender":"female","age":16,"height":174.0,"weight":44.0,"benefit":78.5}] performed by test
2017-12-29 03:49:10 add merchandise [{"class":"Slave","id":5,"name":"Luise","gender":"male","age":20,"height":185.0,"weight":85.0,"benefit":86.25}] performed by test
2017-12-29 03:49:10 removed merchandise [{"class":"Slave","id":1,"name":"Diana","gender":"female","age":16,"height":174.0,"weight":44.0,"benefit":78.5}] performed by test
2017-12-29 03:49:10 add merchandise [{"class":"Slave","id":0,"name":"Pete","gender":"male","age":12,"height":140.0,"weight":35.0,"benefit":8.3333435}] performed by test
2017-12-29 03:49:10 add merchandise [{"class":"Slave","id":1,"name":"Diana","gender":"female","age":16,"height":174.0,"weight":44.0,"benefit":78.5}] performed by test
2017-12-29 03:49:10 add merchandise [{"class":"Slave","id":2,"name":"Luise","gender":"male","age":20,"height":185.0,"weight":85.0,"benefit":86.25}] performed by test
2017-12-29 03:49:10 add merchandise [{"class":"Slave","id":3,"name":"niger","gender":"male","age":3,"height":3.0,"weight":3.0,"benefit":3.0}] performed by test
2017-12-29 03:49:10 add merchandise [{"class":"Slave","id":0,"name":"Pete","gender":"male","age":12,"height":140.0,"weight":35.0,"benefit":8.3333435}] performed by test
2017-12-29 03:49:10 add merchandise [{"class":"Slave","id":1,"name":"Diana","gender":"female","age":16,"height":174.0,"weight":44.0,"benefit":78.5}] performed by test
2017-12-29 03:49:10 add merchandise [{"class":"Slave","id":2,"name":"Luise","gender":"male","age":20,"height":185.0,"weight":85.0,"benefit":86.25}] performed by test
2017-12-29 03:49:10 add merchandise [{"class":"Slave","id":0,"name":"Pete","gender":"male","age":12,"height":140.0,"weight":35.0,"benefit":8.3333435}] performed by test
2017-12-29 03:49:10 add merchandise [{"class":"Slave","id":1,"name":"Diana","gender":"female","age":16,"height":174.0,"weight":44.0,"benefit":78.5}] performed by test
2017-12-29 03:49:10 add merchandise [{"class":"Slave","id":2,"name":"Luise","gender":"male","age":20,"height":185.0,"weight":85.0,"benefit":86.25}] performed by test
2017-12-29 04:16:41 add merchandise [{"class":"Slave","id":0,"name":"Pete","gender":"male","age":12,"height":140.0,"weight":35.0,"benefit":8.3333435}] performed by test
2017-12-29 04:16:41 add merchandise [{"class":"Slave","id":1,"name":"Diana","gender":"female","age":16,"height":174.0,"weight":44.0,"benefit":78.5}] performed by test
2017-12-29 04:16:41 add merchandise [{"class":"Slave","id":2,"name":"Luise","gender":"male","age":20,"height":185.0,"weight":85.0,"benefit":86.25}] performed by test
2017-12-29 04:16:41 add merchandise [{"class":"Slave","id":0,"name":"Pete","gender":"male","age":12,"height":140.0,"weight":35.0,"benefit":8.3333435}] performed by test
2017-12-29 04:16:42 add merchandise [{"class":"Slave","id":1,"name":"Diana","gender":"female","age":16,"height":174.0,"weight":44.0,"benefit":78.5}] performed by test
2017-12-29 04:16:42 add merchandise [{"class":"Slave","id":2,"name":"Luise","gender":"male","age":20,"height":185.0,"weight":85.0,"benefit":86.25}] performed by test
2017-12-29 04:16:42 add merchandise [{"class":"Slave","id":0,"name":"Pete","gender":"male","age":12,"height":140.0,"weight":35.0,"benefit":8.3333435}] performed by test
2017-12-29 04:16:42 add merchandise [{"class":"Slave","id":1,"name":"Diana","gender":"female","age":16,"height":174.0,"weight":44.0,"benefit":78.5}] performed by test
2017-12-29 04:16:42 add merchandise [{"class":"Slave","id":2,"name":"Luise","gender":"male","age":20,"height":185.0,"weight":85.0,"benefit":86.25}] performed by test
2017-12-29 04:16:42 add merchandise [{"class":"Slave","id":0,"name":"Pete","gender":"male","age":12,"height":140.0,"weight":35.0,"benefit":8.3333435}] performed by test
2017-12-29 04:16:42 add merchandise [{"class":"Slave","id":1,"name":"Diana","gender":"female","age":16,"height":174.0,"weight":44.0,"benefit":78.5}] performed by test
2017-12-29 04:16:42 add merchandise [{"class":"Slave","id":2,"name":"Luise","gender":"male","age":20,"height":185.0,"weight":85.0,"benefit":86.25}] performed by test
2017-12-29 04:16:42 add merchandise [{"class":"Slave","id":0,"name":"Pete","gender":"male","age":12,"height":140.0,"weight":35.0,"benefit":8.3333435}] performed by test
2017-12-29 04:16:42 add merchandise [{"class":"Slave","id":1,"name":"Diana","gender":"female","age":16,"height":174.0,"weight":44.0,"benefit":78.5}] performed by test
2017-12-29 04:16:42 add merchandise [{"class":"Slave","id":2,"name":"Luise","gender":"male","age":20,"height":185.0,"weight":85.0,"benefit":86.25}] performed by test
2017-12-29 04:16:42 add merchandise [{"class":"Slave","id":0,"name":"Pete","gender":"male","age":12,"height":140.0,"weight":35.0,"benefit":8.3333435}] performed by test
2017-12-29 04:16:42 add merchandise [{"class":"Slave","id":1,"name":"Diana","gender":"female","age":16,"height":174.0,"weight":44.0,"benefit":78.5}] performed by test
2017-12-29 04:16:42 add merchandise [{"class":"Slave","id":2,"name":"Luise","gender":"male","age":20,"height":185.0,"weight":85.0,"benefit":86.25}] performed by test
2017-12-29 04:16:42 removed merchandise [{"class":"Slave","id":1,"name":"Diana","gender":"female","age":16,"height":174.0,"weight":44.0,"benefit":78.5}] performed by test
2017-12-29 04:16:42 add merchandise [{"class":"Slave","id":0,"name":"Pete","gender":"male","age":12,"height":140.0,"weight":35.0,"benefit":8.3333435}] performed by test
2017-12-29 04:16:42 add merchandise [{"class":"Slave","id":1,"name":"Diana","gender":"female","age":16,"height":174.0,"weight":44.0,"benefit":78.5}] performed by test
2017-12-29 04:16:42 add merchandise [{"class":"Slave","id":2,"name":"Luise","gender":"male","age":20,"height":185.0,"weight":85.0,"benefit":86.25}] performed by test
2017-12-29 04:16:42 removed merchandise [{"class":"Slave","id":1,"name":"Diana","gender":"female","age":16,"height":174.0,"weight":44.0,"benefit":78.5}] performed by test
2017-12-29 04:16:42 removed merchandise [{"class":"Slave","id":0,"name":"Pete","gender":"male","age":12,"height":140.0,"weight":35.0,"benefit":8.3333435}] performed by test
2017-12-29 04:16:42 add merchandise [{"class":"Slave","id":0,"name":"Pete","gender":"male","age":12,"height":140.0,"weight":35.0,"benefit":8.3333435}] performed by test
2017-12-29 04:16:42 add merchandise [{"class":"Slave","id":1,"name":"Diana","gender":"female","age":16,"height":174.0,"weight":44.0,"benefit":78.5}] performed by test
2017-12-29 04:16:42 add merchandise [{"class":"Slave","id":2,"name":"Luise","gender":"male","age":20,"height":185.0,"weight":85.0,"benefit":86.25}] performed by test
2017-12-29 04:16:42 add merchandise [{"class":"Slave","id":3,"name":"Pete","gender":"male","age":12,"height":140.0,"weight":35.0,"benefit":8.3333435}] performed by test
2017-12-29 04:16:42 add merchandise [{"class":"Slave","id":4,"name":"Diana","gender":"female","age":16,"height":174.0,"weight":44.0,"benefit":78.5}] performed by test
2017-12-29 04:16:42 add merchandise [{"class":"Slave","id":5,"name":"Luise","gender":"male","age":20,"height":185.0,"weight":85.0,"benefit":86.25}] performed by test
2017-12-29 04:16:42 removed merchandise [{"class":"Slave","id":1,"name":"Diana","gender":"female","age":16,"height":174.0,"weight":44.0,"benefit":78.5}] performed by test
2017-12-29 04:16:42 add merchandise [{"class":"Slave","id":0,"name":"Pete","gender":"male","age":12,"height":140.0,"weight":35.0,"benefit":8.3333435}] performed by test
2017-12-29 04:16:42 add merchandise [{"class":"Slave","id":1,"name":"Diana","gender":"female","age":16,"height":174.0,"weight":44.0,"benefit":78.5}] performed by test
2017-12-29 04:16:42 add merchandise [{"class":"Slave","id":2,"name":"Luise","gender":"male","age":20,"height":185.0,"weight":85.0,"benefit":86.25}] performed by test
2017-12-29 04:16:42 add merchandise [{"class":"Slave","id":3,"name":"niger","gender":"male","age":3,"height":3.0,"weight":3.0,"benefit":3.0}] performed by test
2017-12-29 04:16:42 add merchandise [{"class":"Slave","id":0,"name":"Pete","gender":"male","age":12,"height":140.0,"weight":35.0,"benefit":8.3333435}] performed by test
2017-12-29 04:16:42 add merchandise [{"class":"Slave","id":1,"name":"Diana","gender":"female","age":16,"height":174.0,"weight":44.0,"benefit":78.5}] performed by test
2017-12-29 04:16:42 add merchandise [{"class":"Slave","id":2,"name":"Luise","gender":"male","age":20,"height":185.0,"weight":85.0,"benefit":86.25}] performed by test
2017-12-29 04:16:42 add merchandise [{"class":"Slave","id":0,"name":"Pete","gender":"male","age":12,"height":140.0,"weight":35.0,"benefit":8.3333435}] performed by test
2017-12-29 04:16:42 add merchandise [{"class":"Slave","id":1,"name":"Diana","gender":"female","age":16,"height":174.0,"weight":44.0,"benefit":78.5}] performed by test
2017-12-29 04:16:42 add merchandise [{"class":"Slave","id":2,"name":"Luise","gender":"male","age":20,"height":185.0,"weight":85.0,"benefit":86.25}] performed by test